TN:
SF:src/LPStaking.sol
FN:66,LPStaking.init
FNDA:23,LPStaking.init
DA:67,22
DA:67,22
DA:69,22
DA:69,22
FN:72,LPStaking.stake
FNDA:18,LPStaking.stake
DA:73,15
DA:73,15
DA:75,15
DA:75,15
DA:76,15
DA:76,15
DA:77,15
DA:77,15
DA:78,15
DA:78,15
DA:80,15
DA:80,15
DA:83,15
DA:83,15
DA:86,15
DA:86,15
DA:87,15
DA:87,15
FN:90,LPStaking.withdraw
FNDA:9,LPStaking.withdraw
DA:91,9
DA:91,9
BRDA:91,0,0,1
BRDA:91,0,1,8
DA:91,1
DA:93,8
DA:93,8
DA:94,8
DA:94,8
DA:96,8
DA:96,8
BRDA:96,1,0,1
BRDA:96,1,1,7
DA:96,1
DA:97,7
DA:97,7
BRDA:97,2,0,1
BRDA:97,2,1,6
DA:97,1
DA:99,6
DA:99,6
DA:101,6
DA:101,6
DA:101,6
BRDA:101,3,0,3
BRDA:101,3,1,6
DA:102,3
DA:102,3
DA:103,3
DA:103,3
DA:106,6
DA:106,6
DA:107,6
DA:107,6
DA:108,6
DA:108,6
DA:110,6
DA:110,6
DA:112,6
DA:112,6
DA:115,6
DA:115,6
BRDA:115,4,0,5
BRDA:115,4,1,6
DA:115,5
DA:118,6
DA:118,6
FN:121,LPStaking.claimRewards
FNDA:3,LPStaking.claimRewards
DA:122,3
DA:122,3
DA:122,3
DA:123,3
DA:123,3
DA:125,3
DA:125,3
BRDA:125,5,0,1
BRDA:125,5,1,2
DA:125,1
DA:127,2
DA:127,2
DA:127,2
DA:128,2
DA:128,2
DA:128,2
DA:128,1
BRDA:128,6,0,1
BRDA:128,6,1,1
DA:128,1
DA:130,1
DA:130,1
DA:131,1
DA:131,1
DA:132,1
DA:132,1
DA:133,1
DA:133,1
DA:135,1
DA:135,1
DA:136,1
DA:136,1
FN:139,LPStaking.collectFees
FNDA:1,LPStaking.collectFees
DA:140,1
DA:140,1
DA:141,1
DA:141,1
DA:142,1
DA:142,1
DA:144,1
DA:144,1
DA:145,1
DA:145,1
FN:148,LPStaking.emergencyWithdraw
FNDA:2,LPStaking.emergencyWithdraw
DA:150,2
DA:150,2
DA:150,2
DA:151,2
DA:151,2
BRDA:151,7,0,1
BRDA:151,7,1,2
DA:151,1
DA:154,2
DA:154,2
DA:154,2
DA:155,2
DA:155,2
BRDA:155,8,0,-
BRDA:155,8,1,2
DA:155,2
DA:158,2
DA:158,2
DA:159,2
DA:159,2
DA:160,2
DA:160,2
DA:163,2
DA:163,2
DA:164,2
DA:164,2
DA:166,2
DA:166,2
FN:169,LPStaking.updateWithdrawEarlierFeeLockTime
FNDA:1,LPStaking.updateWithdrawEarlierFeeLockTime
DA:170,1
DA:170,1
FN:173,LPStaking.updateWithdrawEarlierFee
FNDA:1,LPStaking.updateWithdrawEarlierFee
DA:174,1
DA:174,1
FN:177,LPStaking.updateMinStakedToReward
FNDA:1,LPStaking.updateMinStakedToReward
DA:178,1
DA:178,1
FN:185,LPStaking._withdrawFromGauge
FNDA:6,LPStaking._withdrawFromGauge
DA:186,6
DA:186,6
DA:186,6
DA:187,6
DA:187,6
BRDA:187,9,0,-
BRDA:187,9,1,6
DA:187,0
DA:190,6
DA:190,6
FN:193,LPStaking._claimRewardsFromGauge
FNDA:4,LPStaking._claimRewardsFromGauge
DA:195,4
DA:195,4
DA:198,4
DA:198,4
DA:198,4
DA:200,4
DA:200,4
FN:207,LPStaking.getFees
FNDA:4,LPStaking.getFees
DA:208,7
DA:208,7
DA:208,7
DA:209,7
DA:209,7
DA:209,7
DA:210,7
DA:210,7
DA:210,7
FN:217,LPStaking.totalRewards
FNDA:0,LPStaking.totalRewards
DA:218,36
DA:218,36
DA:218,36
DA:218,36
DA:218,36
FN:221,LPStaking.calculateRewards
FNDA:10,LPStaking.calculateRewards
DA:222,33
DA:222,33
DA:224,33
DA:224,33
DA:224,33
DA:225,33
DA:225,33
DA:226,33
DA:226,33
DA:227,33
DA:227,33
DA:227,33
DA:229,33
DA:229,33
DA:229,33
DA:229,33
DA:229,33
DA:229,13
DA:229,11
DA:229,11
BRDA:229,10,0,23
BRDA:229,10,1,10
DA:230,23
DA:230,23
DA:233,10
DA:233,10
DA:233,10
DA:234,10
DA:234,10
DA:234,10
DA:236,10
DA:236,10
DA:236,10
FN:239,LPStaking.calculateElapsedTime
FNDA:0,LPStaking.calculateElapsedTime
DA:240,33
DA:240,33
DA:241,33
DA:241,33
DA:243,33
DA:243,33
BRDA:243,11,0,1
BRDA:243,11,1,2
DA:244,3
DA:244,3
DA:246,30
DA:246,30
DA:249,33
DA:249,33
FNF:15
FNH:13
LF:82
LH:82
BRF:24
BRH:22
end_of_record
